<?xml version="1.0" encoding="UTF-8"?>
<!-- Generated by org.testng.reporters.JUnitReportReporter -->
<testsuite hostname="AISWARYA" failures="0" tests="1" name="test_class.Testclass" time="26.744" errors="0" timestamp="2024-12-13T14:22:39 IST" skipped="0">
  <testcase classname="test_class.Testclass" name="submittest" time="26.744"/>
  <system-out/>
</testsuite> <!-- test_class.Testclass -->
